-- The C compiler identification is GNU 9.3.0
-- The CXX compiler identification is GNU 9.3.0
-- Check for working C compiler: /usr/bin/cc
-- Check for working C compiler: /usr/bin/cc -- works
-- Detecting C compiler ABI info
-- Detecting C compiler ABI info - done
-- Detecting C compile features
-- Detecting C compile features - done
-- Check for working CXX compiler: /usr/bin/c++
-- Check for working CXX compiler: /usr/bin/c++ -- works
-- Detecting CXX compiler ABI info
-- Detecting CXX compiler ABI info - done
-- Detecting CXX compile features
-- Detecting CXX compile features - done
-- Found ament_cmake: 0.9.8 (/opt/ros/foxy/share/ament_cmake/cmake)
-- Found PythonInterp: /usr/bin/python3 (found suitable version "3.8.5", minimum required is "3") 
-- Using PYTHON_EXECUTABLE: /usr/bin/python3
-- Found rclcpp: 2.3.0 (/opt/ros/foxy/share/rclcpp/cmake)
-- Using all available rosidl_typesupport_c: rosidl_typesupport_fastrtps_c;rosidl_typesupport_introspection_c
-- Found rosidl_adapter: 1.2.0 (/opt/ros/foxy/share/rosidl_adapter/cmake)
-- Found OpenSSL: /usr/lib/x86_64-linux-gnu/libcrypto.so (found version "1.1.1f")  
-- Found FastRTPS: /opt/ros/foxy/include  
-- Using all available rosidl_typesupport_cpp: rosidl_typesupport_fastrtps_cpp;rosidl_typesupport_introspection_cpp
-- Found rmw_implementation_cmake: 1.0.2 (/opt/ros/foxy/share/rmw_implementation_cmake/cmake)
-- Using RMW implementation 'rmw_fastrtps_cpp' as default
-- Looking for pthread.h
-- Looking for pthread.h - found
-- Performing Test CMAKE_HAVE_LIBC_PTHREAD
-- Performing Test CMAKE_HAVE_LIBC_PTHREAD - Failed
-- Looking for pthread_create in pthreads
-- Looking for pthread_create in pthreads - not found
-- Looking for pthread_create in pthread
-- Looking for pthread_create in pthread - found
-- Found Threads: TRUE  
-- Found ament_lint_auto: 0.9.6 (/opt/ros/foxy/share/ament_lint_auto/cmake)
-- Added test 'copyright' to check source files copyright and LICENSE
-- Added test 'cppcheck' to perform static code analysis on C / C++ code
-- Configured cppcheck include dirs: 
-- Configured cppcheck exclude dirs and/or files: 
-- Added test 'cpplint' to check C / C++ code against the Google style
-- Configured cpplint exclude dirs and/or files: 
-- Added test 'lint_cmake' to check CMake code style
-- Added test 'uncrustify' to check C / C++ code style
-- Configured uncrustify additional arguments: 
-- Added test 'xmllint' to check XML markup files
-- Configuring done
-- Generating done
-- Build files have been written to: /home/ros2/ROS2-benchmark/topic-test/build/topic_test
[35m[1mScanning dependencies of target pub[0m
[ 50%] [32mBuilding CXX object CMakeFiles/pub.dir/src/publisher.cpp.o[0m
[01m[K/home/ros2/ROS2-benchmark/topic-test/topic_test/src/publisher.cpp:[m[K In constructor â€˜[01m[KTestPublisher::TestPublisher()[m[Kâ€™:
[01m[K/home/ros2/ROS2-benchmark/topic-test/topic_test/src/publisher.cpp:17:27:[m[K [01;31m[Kerror: [m[Kcapture of non-variable â€˜[01m[KTestPublisher::pub_[m[Kâ€™
   17 |             500ms, [this, [01;31m[Kpub_[m[K]{pub_->publish("[this is a string of length 32]#");}
      |                           [01;31m[K^~~~[m[K
[01m[K/home/ros2/ROS2-benchmark/topic-test/topic_test/src/publisher.cpp:21:57:[m[K [01;36m[Knote: [m[Kâ€˜[01m[Krclcpp::Publisher<std_msgs::msg::String_<std::allocator<void> > >::SharedPtr TestPublisher::pub_[m[Kâ€™ declared here
   21 |     rclcpp::Publisher<std_msgs::msg::String>::SharedPtr [01;36m[Kpub_[m[K;
      |                                                         [01;36m[K^~~~[m[K
[01m[K/home/ros2/ROS2-benchmark/topic-test/topic_test/src/publisher.cpp:[m[K In lambda function:
[01m[K/home/ros2/ROS2-benchmark/topic-test/topic_test/src/publisher.cpp:17:47:[m[K [01;31m[Kerror: [m[Kinvalid user-defined conversion from â€˜[01m[Kconst char [33][m[Kâ€™ to â€˜[01m[Kconst rclcpp::SerializedMessage&[m[Kâ€™ [[01;31m[K-fpermissive[m[K]
   17 |             500ms, [this, pub_]{pub_->publish([01;31m[K"[this is a string of length 32]#"[m[K);}
      |                                               [01;31m[K^~~~~~~~~~~~~~~~~~~~~~~~~~~~~~~~~~[m[K
In file included from [01m[K/opt/ros/foxy/include/rclcpp/subscription_base.hpp:36[m[K,
                 from [01m[K/opt/ros/foxy/include/rclcpp/callback_group.hpp:26[m[K,
                 from [01m[K/opt/ros/foxy/include/rclcpp/any_executable.hpp:20[m[K,
                 from [01m[K/opt/ros/foxy/include/rclcpp/memory_strategy.hpp:24[m[K,
                 from [01m[K/opt/ros/foxy/include/rclcpp/memory_strategies.hpp:18[m[K,
                 from [01m[K/opt/ros/foxy/include/rclcpp/executor_options.hpp:20[m[K,
                 from [01m[K/opt/ros/foxy/include/rclcpp/executor.hpp:33[m[K,
                 from [01m[K/opt/ros/foxy/include/rclcpp/executors/multi_threaded_executor.hpp:25[m[K,
                 from [01m[K/opt/ros/foxy/include/rclcpp/executors.hpp:21[m[K,
                 from [01m[K/opt/ros/foxy/include/rclcpp/rclcpp.hpp:146[m[K,
                 from [01m[K/home/ros2/ROS2-benchmark/topic-test/topic_test/src/publisher.cpp:5[m[K:
[01m[K/opt/ros/foxy/include/rclcpp/serialized_message.hpp:50:3:[m[K [01;36m[Knote: [m[Kcandidate is: â€˜[01m[Krclcpp::SerializedMessage::SerializedMessage(size_t, const rcl_allocator_t&)[m[Kâ€™ <near match>
   50 |   [01;36m[KSerializedMessage[m[K(
      |   [01;36m[K^~~~~~~~~~~~~~~~~[m[K
[01m[K/opt/ros/foxy/include/rclcpp/serialized_message.hpp:50:3:[m[K [01;36m[Knote: [m[K  conversion of argument 1 would be ill-formed:
[01m[K/home/ros2/ROS2-benchmark/topic-test/topic_test/src/publisher.cpp:17:47:[m[K [01;31m[Kerror: [m[Kinvalid conversion from â€˜[01m[Kconst char*[m[Kâ€™ to â€˜[01m[Ksize_t[m[Kâ€™ {aka â€˜[01m[Klong unsigned int[m[Kâ€™} [[01;31m[K-fpermissive[m[K]
   17 |             500ms, [this, pub_]{pub_->publish([01;31m[K"[this is a string of length 32]#"[m[K);}
      |                                               [01;31m[K^~~~~~~~~~~~~~~~~~~~~~~~~~~~~~~~~~[m[K
      |                                               [01;31m[K|[m[K
      |                                               [01;31m[Kconst char*[m[K
[01m[K/home/ros2/ROS2-benchmark/topic-test/topic_test/src/publisher.cpp:17:47:[m[K [01;31m[Kerror: [m[Kinvalid conversion from â€˜[01m[Kconst char*[m[Kâ€™ to â€˜[01m[Ksize_t[m[Kâ€™ {aka â€˜[01m[Klong unsigned int[m[Kâ€™} [[01;31m[K-fpermissive[m[K]
In file included from [01m[K/opt/ros/foxy/include/rclcpp/subscription_base.hpp:36[m[K,
                 from [01m[K/opt/ros/foxy/include/rclcpp/callback_group.hpp:26[m[K,
                 from [01m[K/opt/ros/foxy/include/rclcpp/any_executable.hpp:20[m[K,
                 from [01m[K/opt/ros/foxy/include/rclcpp/memory_strategy.hpp:24[m[K,
                 from [01m[K/opt/ros/foxy/include/rclcpp/memory_strategies.hpp:18[m[K,
                 from [01m[K/opt/ros/foxy/include/rclcpp/executor_options.hpp:20[m[K,
                 from [01m[K/opt/ros/foxy/include/rclcpp/executor.hpp:33[m[K,
                 from [01m[K/opt/ros/foxy/include/rclcpp/executors/multi_threaded_executor.hpp:25[m[K,
                 from [01m[K/opt/ros/foxy/include/rclcpp/executors.hpp:21[m[K,
                 from [01m[K/opt/ros/foxy/include/rclcpp/rclcpp.hpp:146[m[K,
                 from [01m[K/home/ros2/ROS2-benchmark/topic-test/topic_test/src/publisher.cpp:5[m[K:
[01m[K/opt/ros/foxy/include/rclcpp/serialized_message.hpp:51:12:[m[K [01;36m[Knote: [m[K  initializing argument 1 of â€˜[01m[Krclcpp::SerializedMessage::SerializedMessage(size_t, const rcl_allocator_t&)[m[Kâ€™
   51 |     [01;36m[Ksize_t initial_capacity[m[K,
      |     [01;36m[K~~~~~~~^~~~~~~~~~~~~~~~[m[K
In file included from [01m[K/opt/ros/foxy/include/rclcpp/topic_statistics/subscription_topic_statistics.hpp:31[m[K,
                 from [01m[K/opt/ros/foxy/include/rclcpp/subscription.hpp:50[m[K,
                 from [01m[K/opt/ros/foxy/include/rclcpp/any_executable.hpp:25[m[K,
                 from [01m[K/opt/ros/foxy/include/rclcpp/memory_strategy.hpp:24[m[K,
                 from [01m[K/opt/ros/foxy/include/rclcpp/memory_strategies.hpp:18[m[K,
                 from [01m[K/opt/ros/foxy/include/rclcpp/executor_options.hpp:20[m[K,
                 from [01m[K/opt/ros/foxy/include/rclcpp/executor.hpp:33[m[K,
                 from [01m[K/opt/ros/foxy/include/rclcpp/executors/multi_threaded_executor.hpp:25[m[K,
                 from [01m[K/opt/ros/foxy/include/rclcpp/executors.hpp:21[m[K,
                 from [01m[K/opt/ros/foxy/include/rclcpp/rclcpp.hpp:146[m[K,
                 from [01m[K/home/ros2/ROS2-benchmark/topic-test/topic_test/src/publisher.cpp:5[m[K:
[01m[K/opt/ros/foxy/include/rclcpp/publisher.hpp:232:37:[m[K [01;36m[Knote: [m[K  initializing argument 1 of â€˜[01m[Kvoid rclcpp::Publisher<MessageT, AllocatorT>::publish(const rclcpp::SerializedMessage&) [with MessageT = std_msgs::msg::String_<std::allocator<void> >; AllocatorT = std::allocator<void>][m[Kâ€™
  232 |   publish([01;36m[Kconst SerializedMessage & serialized_msg[m[K)
      |           [01;36m[K~~~~~~~~~~~~~~~~~~~~~~~~~~^~~~~~~~~~~~~~[m[K
[01m[K/home/ros2/ROS2-benchmark/topic-test/topic_test/src/publisher.cpp:[m[K In constructor â€˜[01m[KTestPublisher::TestPublisher()[m[Kâ€™:
[01m[K/home/ros2/ROS2-benchmark/topic-test/topic_test/src/publisher.cpp:16:18:[m[K [01;31m[Kerror: [m[Kâ€˜[01m[Kcreate_wall_time[m[Kâ€™ was not declared in this scope; did you mean â€˜[01m[Kcreate_wall_timer[m[Kâ€™?
   16 |         timer_ = [01;31m[Kcreate_wall_time[m[K(
      |                  [01;31m[K^~~~~~~~~~~~~~~~[m[K
      |                  [32m[Kcreate_wall_timer[m[K
make[2]: *** [CMakeFiles/pub.dir/build.make:63: CMakeFiles/pub.dir/src/publisher.cpp.o] Error 1
make[1]: *** [CMakeFiles/Makefile2:78: CMakeFiles/pub.dir/all] Error 2
make: *** [Makefile:141: all] Error 2
