[0.118s] Invoking command in '/home/ros2/ROS2-benchmark/topic-test/build/topic_test': CMAKE_PREFIX_PATH=/opt/ros/foxy /usr/bin/cmake /home/ros2/ROS2-benchmark/topic-test/topic_test -DCMAKE_INSTALL_PREFIX=/home/ros2/ROS2-benchmark/topic-test/install/topic_test
[5.229s] -- The C compiler identification is GNU 9.3.0
[6.732s] -- The CXX compiler identification is GNU 9.3.0
[6.960s] -- Check for working C compiler: /usr/bin/cc
[7.419s] -- Check for working C compiler: /usr/bin/cc -- works
[7.445s] -- Detecting C compiler ABI info
[7.692s] -- Detecting C compiler ABI info - done
[7.773s] -- Detecting C compile features
[7.786s] -- Detecting C compile features - done
[7.839s] -- Check for working CXX compiler: /usr/bin/c++
[8.124s] -- Check for working CXX compiler: /usr/bin/c++ -- works
[8.133s] -- Detecting CXX compiler ABI info
[8.487s] -- Detecting CXX compiler ABI info - done
[8.560s] -- Detecting CXX compile features
[8.566s] -- Detecting CXX compile features - done
[8.919s] -- Found ament_cmake: 0.9.8 (/opt/ros/foxy/share/ament_cmake/cmake)
[9.514s] -- Found PythonInterp: /usr/bin/python3 (found suitable version "3.8.5", minimum required is "3") 
[9.515s] -- Using PYTHON_EXECUTABLE: /usr/bin/python3
[11.921s] -- Found rclcpp: 2.3.0 (/opt/ros/foxy/share/rclcpp/cmake)
[12.597s] -- Using all available rosidl_typesupport_c: rosidl_typesupport_fastrtps_c;rosidl_typesupport_introspection_c
[12.673s] -- Found rosidl_adapter: 1.2.0 (/opt/ros/foxy/share/rosidl_adapter/cmake)
[13.317s] -- Found OpenSSL: /usr/lib/x86_64-linux-gnu/libcrypto.so (found version "1.1.1f")  
[13.421s] -- Found FastRTPS: /opt/ros/foxy/include  
[13.806s] -- Using all available rosidl_typesupport_cpp: rosidl_typesupport_fastrtps_cpp;rosidl_typesupport_introspection_cpp
[14.097s] -- Found rmw_implementation_cmake: 1.0.2 (/opt/ros/foxy/share/rmw_implementation_cmake/cmake)
[14.113s] -- Using RMW implementation 'rmw_fastrtps_cpp' as default
[14.145s] -- Looking for pthread.h
[14.541s] -- Looking for pthread.h - found
[14.542s] -- Performing Test CMAKE_HAVE_LIBC_PTHREAD
[14.840s] -- Performing Test CMAKE_HAVE_LIBC_PTHREAD - Failed
[14.842s] -- Looking for pthread_create in pthreads
[15.104s] -- Looking for pthread_create in pthreads - not found
[15.104s] -- Looking for pthread_create in pthread
[15.348s] -- Looking for pthread_create in pthread - found
[15.353s] -- Found Threads: TRUE  
[16.741s] -- Found ament_lint_auto: 0.9.6 (/opt/ros/foxy/share/ament_lint_auto/cmake)
[17.337s] -- Added test 'copyright' to check source files copyright and LICENSE
[17.349s] -- Added test 'cppcheck' to perform static code analysis on C / C++ code
[17.350s] -- Configured cppcheck include dirs: 
[17.350s] -- Configured cppcheck exclude dirs and/or files: 
[17.383s] -- Added test 'cpplint' to check C / C++ code against the Google style
[17.383s] -- Configured cpplint exclude dirs and/or files: 
[17.395s] -- Added test 'lint_cmake' to check CMake code style
[17.398s] -- Added test 'uncrustify' to check C / C++ code style
[17.398s] -- Configured uncrustify additional arguments: 
[17.416s] -- Added test 'xmllint' to check XML markup files
[17.493s] -- Configuring done
[17.548s] -- Generating done
[17.561s] -- Build files have been written to: /home/ros2/ROS2-benchmark/topic-test/build/topic_test
[17.612s] Invoked command in '/home/ros2/ROS2-benchmark/topic-test/build/topic_test' returned '0': CMAKE_PREFIX_PATH=/opt/ros/foxy /usr/bin/cmake /home/ros2/ROS2-benchmark/topic-test/topic_test -DCMAKE_INSTALL_PREFIX=/home/ros2/ROS2-benchmark/topic-test/install/topic_test
[17.613s] Invoking command in '/home/ros2/ROS2-benchmark/topic-test/build/topic_test': CMAKE_PREFIX_PATH=/opt/ros/foxy /usr/bin/cmake --build /home/ros2/ROS2-benchmark/topic-test/build/topic_test -- -j1 -l1
[17.757s] [35m[1mScanning dependencies of target pub[0m
[19.957s] [ 50%] [32mBuilding CXX object CMakeFiles/pub.dir/src/publisher.cpp.o[0m
[26.027s] [01m[K/home/ros2/ROS2-benchmark/topic-test/topic_test/src/publisher.cpp:[m[K In constructor â€˜[01m[KTestPublisher::TestPublisher()[m[Kâ€™:
[26.036s] [01m[K/home/ros2/ROS2-benchmark/topic-test/topic_test/src/publisher.cpp:17:27:[m[K [01;31m[Kerror: [m[Kcapture of non-variable â€˜[01m[KTestPublisher::pub_[m[Kâ€™
[26.036s]    17 |             500ms, [this, [01;31m[Kpub_[m[K]{pub_->publish("[this is a string of length 32]#");}
[26.037s]       |                           [01;31m[K^~~~[m[K
[26.037s] [01m[K/home/ros2/ROS2-benchmark/topic-test/topic_test/src/publisher.cpp:21:57:[m[K [01;36m[Knote: [m[Kâ€˜[01m[Krclcpp::Publisher<std_msgs::msg::String_<std::allocator<void> > >::SharedPtr TestPublisher::pub_[m[Kâ€™ declared here
[26.037s]    21 |     rclcpp::Publisher<std_msgs::msg::String>::SharedPtr [01;36m[Kpub_[m[K;
[26.037s]       |                                                         [01;36m[K^~~~[m[K
[26.037s] [01m[K/home/ros2/ROS2-benchmark/topic-test/topic_test/src/publisher.cpp:[m[K In lambda function:
[26.037s] [01m[K/home/ros2/ROS2-benchmark/topic-test/topic_test/src/publisher.cpp:17:47:[m[K [01;31m[Kerror: [m[Kinvalid user-defined conversion from â€˜[01m[Kconst char [33][m[Kâ€™ to â€˜[01m[Kconst rclcpp::SerializedMessage&[m[Kâ€™ [[01;31m[K-fpermissive[m[K]
[26.037s]    17 |             500ms, [this, pub_]{pub_->publish([01;31m[K"[this is a string of length 32]#"[m[K);}
[26.038s]       |                                               [01;31m[K^~~~~~~~~~~~~~~~~~~~~~~~~~~~~~~~~~[m[K
[26.038s] In file included from [01m[K/opt/ros/foxy/include/rclcpp/subscription_base.hpp:36[m[K,
[26.038s]                  from [01m[K/opt/ros/foxy/include/rclcpp/callback_group.hpp:26[m[K,
[26.038s]                  from [01m[K/opt/ros/foxy/include/rclcpp/any_executable.hpp:20[m[K,
[26.038s]                  from [01m[K/opt/ros/foxy/include/rclcpp/memory_strategy.hpp:24[m[K,
[26.038s]                  from [01m[K/opt/ros/foxy/include/rclcpp/memory_strategies.hpp:18[m[K,
[26.038s]                  from [01m[K/opt/ros/foxy/include/rclcpp/executor_options.hpp:20[m[K,
[26.038s]                  from [01m[K/opt/ros/foxy/include/rclcpp/executor.hpp:33[m[K,
[26.039s]                  from [01m[K/opt/ros/foxy/include/rclcpp/executors/multi_threaded_executor.hpp:25[m[K,
[26.039s]                  from [01m[K/opt/ros/foxy/include/rclcpp/executors.hpp:21[m[K,
[26.039s]                  from [01m[K/opt/ros/foxy/include/rclcpp/rclcpp.hpp:146[m[K,
[26.039s]                  from [01m[K/home/ros2/ROS2-benchmark/topic-test/topic_test/src/publisher.cpp:5[m[K:
[26.039s] [01m[K/opt/ros/foxy/include/rclcpp/serialized_message.hpp:50:3:[m[K [01;36m[Knote: [m[Kcandidate is: â€˜[01m[Krclcpp::SerializedMessage::SerializedMessage(size_t, const rcl_allocator_t&)[m[Kâ€™ <near match>
[26.039s]    50 |   [01;36m[KSerializedMessage[m[K(
[26.039s]       |   [01;36m[K^~~~~~~~~~~~~~~~~[m[K
[26.051s] [01m[K/opt/ros/foxy/include/rclcpp/serialized_message.hpp:50:3:[m[K [01;36m[Knote: [m[K  conversion of argument 1 would be ill-formed:
[26.051s] [01m[K/home/ros2/ROS2-benchmark/topic-test/topic_test/src/publisher.cpp:17:47:[m[K [01;31m[Kerror: [m[Kinvalid conversion from â€˜[01m[Kconst char*[m[Kâ€™ to â€˜[01m[Ksize_t[m[Kâ€™ {aka â€˜[01m[Klong unsigned int[m[Kâ€™} [[01;31m[K-fpermissive[m[K]
[26.052s]    17 |             500ms, [this, pub_]{pub_->publish([01;31m[K"[this is a string of length 32]#"[m[K);}
[26.052s]       |                                               [01;31m[K^~~~~~~~~~~~~~~~~~~~~~~~~~~~~~~~~~[m[K
[26.052s]       |                                               [01;31m[K|[m[K
[26.052s]       |                                               [01;31m[Kconst char*[m[K
[26.053s] [01m[K/home/ros2/ROS2-benchmark/topic-test/topic_test/src/publisher.cpp:17:47:[m[K [01;31m[Kerror: [m[Kinvalid conversion from â€˜[01m[Kconst char*[m[Kâ€™ to â€˜[01m[Ksize_t[m[Kâ€™ {aka â€˜[01m[Klong unsigned int[m[Kâ€™} [[01;31m[K-fpermissive[m[K]
[26.053s] In file included from [01m[K/opt/ros/foxy/include/rclcpp/subscription_base.hpp:36[m[K,
[26.053s]                  from [01m[K/opt/ros/foxy/include/rclcpp/callback_group.hpp:26[m[K,
[26.053s]                  from [01m[K/opt/ros/foxy/include/rclcpp/any_executable.hpp:20[m[K,
[26.053s]                  from [01m[K/opt/ros/foxy/include/rclcpp/memory_strategy.hpp:24[m[K,
[26.053s]                  from [01m[K/opt/ros/foxy/include/rclcpp/memory_strategies.hpp:18[m[K,
[26.053s]                  from [01m[K/opt/ros/foxy/include/rclcpp/executor_options.hpp:20[m[K,
[26.053s]                  from [01m[K/opt/ros/foxy/include/rclcpp/executor.hpp:33[m[K,
[26.054s]                  from [01m[K/opt/ros/foxy/include/rclcpp/executors/multi_threaded_executor.hpp:25[m[K,
[26.054s]                  from [01m[K/opt/ros/foxy/include/rclcpp/executors.hpp:21[m[K,
[26.054s]                  from [01m[K/opt/ros/foxy/include/rclcpp/rclcpp.hpp:146[m[K,
[26.054s]                  from [01m[K/home/ros2/ROS2-benchmark/topic-test/topic_test/src/publisher.cpp:5[m[K:
[26.054s] [01m[K/opt/ros/foxy/include/rclcpp/serialized_message.hpp:51:12:[m[K [01;36m[Knote: [m[K  initializing argument 1 of â€˜[01m[Krclcpp::SerializedMessage::SerializedMessage(size_t, const rcl_allocator_t&)[m[Kâ€™
[26.054s]    51 |     [01;36m[Ksize_t initial_capacity[m[K,
[26.054s]       |     [01;36m[K~~~~~~~^~~~~~~~~~~~~~~~[m[K
[26.054s] In file included from [01m[K/opt/ros/foxy/include/rclcpp/topic_statistics/subscription_topic_statistics.hpp:31[m[K,
[26.055s]                  from [01m[K/opt/ros/foxy/include/rclcpp/subscription.hpp:50[m[K,
[26.055s]                  from [01m[K/opt/ros/foxy/include/rclcpp/any_executable.hpp:25[m[K,
[26.055s]                  from [01m[K/opt/ros/foxy/include/rclcpp/memory_strategy.hpp:24[m[K,
[26.055s]                  from [01m[K/opt/ros/foxy/include/rclcpp/memory_strategies.hpp:18[m[K,
[26.067s]                  from [01m[K/opt/ros/foxy/include/rclcpp/executor_options.hpp:20[m[K,
[26.067s]                  from [01m[K/opt/ros/foxy/include/rclcpp/executor.hpp:33[m[K,
[26.067s]                  from [01m[K/opt/ros/foxy/include/rclcpp/executors/multi_threaded_executor.hpp:25[m[K,
[26.067s]                  from [01m[K/opt/ros/foxy/include/rclcpp/executors.hpp:21[m[K,
[26.067s]                  from [01m[K/opt/ros/foxy/include/rclcpp/rclcpp.hpp:146[m[K,
[26.068s]                  from [01m[K/home/ros2/ROS2-benchmark/topic-test/topic_test/src/publisher.cpp:5[m[K:
[26.068s] [01m[K/opt/ros/foxy/include/rclcpp/publisher.hpp:232:37:[m[K [01;36m[Knote: [m[K  initializing argument 1 of â€˜[01m[Kvoid rclcpp::Publisher<MessageT, AllocatorT>::publish(const rclcpp::SerializedMessage&) [with MessageT = std_msgs::msg::String_<std::allocator<void> >; AllocatorT = std::allocator<void>][m[Kâ€™
[26.068s]   232 |   publish([01;36m[Kconst SerializedMessage & serialized_msg[m[K)
[26.068s]       |           [01;36m[K~~~~~~~~~~~~~~~~~~~~~~~~~~^~~~~~~~~~~~~~[m[K
[26.068s] [01m[K/home/ros2/ROS2-benchmark/topic-test/topic_test/src/publisher.cpp:[m[K In constructor â€˜[01m[KTestPublisher::TestPublisher()[m[Kâ€™:
[26.068s] [01m[K/home/ros2/ROS2-benchmark/topic-test/topic_test/src/publisher.cpp:16:18:[m[K [01;31m[Kerror: [m[Kâ€˜[01m[Kcreate_wall_time[m[Kâ€™ was not declared in this scope; did you mean â€˜[01m[Kcreate_wall_timer[m[Kâ€™?
[26.068s]    16 |         timer_ = [01;31m[Kcreate_wall_time[m[K(
[26.068s]       |                  [01;31m[K^~~~~~~~~~~~~~~~[m[K
[26.069s]       |                  [32m[Kcreate_wall_timer[m[K
[28.405s] make[2]: *** [CMakeFiles/pub.dir/build.make:63: CMakeFiles/pub.dir/src/publisher.cpp.o] Error 1
[28.438s] make[1]: *** [CMakeFiles/Makefile2:78: CMakeFiles/pub.dir/all] Error 2
[28.438s] make: *** [Makefile:141: all] Error 2
[28.662s] Invoked command in '/home/ros2/ROS2-benchmark/topic-test/build/topic_test' returned '2': CMAKE_PREFIX_PATH=/opt/ros/foxy /usr/bin/cmake --build /home/ros2/ROS2-benchmark/topic-test/build/topic_test -- -j1 -l1
